CMake Warning (dev) in CMakeLists.txt:
  No project() command is present.  The top-level CMakeLists.txt file must
  contain a literal, direct call to the project() command.  Add a line of
  code such as

    project(ProjectName)

  near the top of the file, but after cmake_minimum_required().

  CMake is pretending there is a "project(Project)" command on the first
  line.
This warning is for project developers.  Use -Wno-dev to suppress it.

-- The C compiler identification is GNU 8.4.0
-- The CXX compiler identification is GNU 8.4.0
-- Detecting C compiler ABI info
-- Detecting C compiler ABI info - done
-- Check for working C compiler: /usr/bin/cc - skipped
-- Detecting C compile features
-- Detecting C compile features - done
-- Detecting CXX compiler ABI info
-- Detecting CXX compiler ABI info - done
-- Check for working CXX compiler: /usr/bin/c++ - skipped
-- Detecting CXX compile features
-- Detecting CXX compile features - done
CMake Deprecation Warning at CMakeLists.txt:4 (cmake_minimum_required):
  Compatibility with CMake < 2.8.12 will be removed from a future version of
  CMake.

  Update the VERSION argument <min> value or use a ...<max> suffix to tell
  CMake that the project does not need compatibility with older versions.


-- Using CATKIN_DEVEL_PREFIX: /home/tanishqjain/catkin_ws/src/aug2per/matlab_msg_gen_ros1/glnxa64/devel
-- Using CMAKE_PREFIX_PATH: /usr/local/MATLAB/R2020b/sys/ros1/glnxa64/ros1;/usr/local/MATLAB/R2020b/toolbox/ros/mlroscpp/custom_messages
-- This workspace overlays: /usr/local/MATLAB/R2020b/sys/ros1/glnxa64/ros1;/usr/local/MATLAB/R2020b/toolbox/ros/mlroscpp/custom_messages
-- Using PYTHON_EXECUTABLE: /home/tanishqjain/.matlab/R2020b/ros1/glnxa64/venv/bin/python2
-- Using Debian Python package layout
-- Using empy: /usr/bin/empy
-- Using CATKIN_ENABLE_TESTING: off
-- catkin 0.7.17
-- BUILD_SHARED_LIBS is on
-- BUILD_SHARED_LIBS is on
-- ~~~~~~~~~~~~~~~~~~~~~~~~~~~~~~~~~~~~~~~~~~~~~~~~~
-- ~~  traversing 3 packages in topological order:
-- ~~  - amr
-- ~~  - ros_decawave
-- ~~  - rplidar_ros
-- ~~~~~~~~~~~~~~~~~~~~~~~~~~~~~~~~~~~~~~~~~~~~~~~~~
-- +++ processing catkin package: 'amr'
-- ==> add_subdirectory(amr)
-- Disabling the following message generators: geneus;genlisp;gennodejs
-- Using these message generators: gencpp;genpy
-- amr: 2 messages, 0 services
-- +++ processing catkin package: 'ros_decawave'
-- ==> add_subdirectory(ros_decawave)
-- Disabling the following message generators: geneus;genlisp;gennodejs
-- Using these message generators: gencpp;genpy
-- ros_decawave: 4 messages, 0 services
-- +++ processing catkin package: 'rplidar_ros'
-- ==> add_subdirectory(rplidar_ros)
-- Disabling the following message generators: geneus;genlisp;gennodejs
-- Using these message generators: gencpp;genpy
-- rplidar_ros: 0 messages, 1 services
-- Configuring done
-- Generating done
-- Build files have been written to: /home/tanishqjain/catkin_ws/src/aug2per/matlab_msg_gen_ros1/glnxa64/build
[0/1] Re-running CMake...
CMake Warning (dev) in CMakeLists.txt:
  No project() command is present.  The top-level CMakeLists.txt file must
  contain a literal, direct call to the project() command.  Add a line of
  code such as

    project(ProjectName)

  near the top of the file, but after cmake_minimum_required().

  CMake is pretending there is a "project(Project)" command on the first
  line.
This warning is for project developers.  Use -Wno-dev to suppress it.

CMake Deprecation Warning at CMakeLists.txt:4 (cmake_minimum_required):
  Compatibility with CMake < 2.8.12 will be removed from a future version of
  CMake.

  Update the VERSION argument <min> value or use a ...<max> suffix to tell
  CMake that the project does not need compatibility with older versions.


-- Using CATKIN_DEVEL_PREFIX: /home/tanishqjain/catkin_ws/src/aug2per/matlab_msg_gen_ros1/glnxa64/devel
-- Using CMAKE_PREFIX_PATH: /usr/local/MATLAB/R2020b/sys/ros1/glnxa64/ros1;/usr/local/MATLAB/R2020b/toolbox/ros/mlroscpp/custom_messages
-- This workspace overlays: /usr/local/MATLAB/R2020b/sys/ros1/glnxa64/ros1;/usr/local/MATLAB/R2020b/toolbox/ros/mlroscpp/custom_messages
-- Using PYTHON_EXECUTABLE: /home/tanishqjain/.matlab/R2020b/ros1/glnxa64/venv/bin/python2
-- Using Debian Python package layout
-- Using empy: /usr/bin/empy
-- Using CATKIN_ENABLE_TESTING: off
-- catkin 0.7.17
-- BUILD_SHARED_LIBS is on
-- BUILD_SHARED_LIBS is on
-- ~~~~~~~~~~~~~~~~~~~~~~~~~~~~~~~~~~~~~~~~~~~~~~~~~
-- ~~  traversing 3 packages in topological order:
-- ~~  - amr
-- ~~  - ros_decawave
-- ~~  - rplidar_ros
-- ~~~~~~~~~~~~~~~~~~~~~~~~~~~~~~~~~~~~~~~~~~~~~~~~~
-- +++ processing catkin package: 'amr'
-- ==> add_subdirectory(amr)
-- Disabling the following message generators: geneus;genlisp;gennodejs
-- Using these message generators: gencpp;genpy
-- amr: 2 messages, 0 services
-- +++ processing catkin package: 'ros_decawave'
-- ==> add_subdirectory(ros_decawave)
-- Disabling the following message generators: geneus;genlisp;gennodejs
-- Using these message generators: gencpp;genpy
-- ros_decawave: 4 messages, 0 services
-- +++ processing catkin package: 'rplidar_ros'
-- ==> add_subdirectory(rplidar_ros)
-- Disabling the following message generators: geneus;genlisp;gennodejs
-- Using these message generators: gencpp;genpy
-- rplidar_ros: 0 messages, 1 services
-- Configuring done
-- Generating done
-- Build files have been written to: /home/tanishqjain/catkin_ws/src/aug2per/matlab_msg_gen_ros1/glnxa64/build
[1/45] cd /home/tanishqjain/catkin_ws/src/aug2per/matlab_msg_gen_ros1/glnxa64/build/ros_decawave && /home/tanishqjain/catkin_ws/src/aug2per/matlab_msg_gen_ros1/glnxa64/build/catkin_generated/env_cached.sh /home/tanishqjain/.matlab/R2020b/ros1/glnxa64/venv/bin/python2 /usr/local/MATLAB/R2020b/sys/ros1/glnxa64/ros1/share/genmsg/cmake/../../../lib/genmsg/genmsg_check_deps.py ros_decawave /home/tanishqjain/catkin_ws/src/aug2per/matlab_msg_gen_ros1/glnxa64/src/ros_decawave/msg/Tag.msg std_msgs/Header
[2/45] cd /home/tanishqjain/catkin_ws/src/aug2per/matlab_msg_gen_ros1/glnxa64/build/ros_decawave && /home/tanishqjain/catkin_ws/src/aug2per/matlab_msg_gen_ros1/glnxa64/build/catkin_generated/env_cached.sh /home/tanishqjain/.matlab/R2020b/ros1/glnxa64/venv/bin/python2 /usr/local/MATLAB/R2020b/sys/ros1/glnxa64/ros1/share/genmsg/cmake/../../../lib/genmsg/genmsg_check_deps.py ros_decawave /home/tanishqjain/catkin_ws/src/aug2per/matlab_msg_gen_ros1/glnxa64/src/ros_decawave/msg/Acc.msg std_msgs/Header
[3/45] cd /home/tanishqjain/catkin_ws/src/aug2per/matlab_msg_gen_ros1/glnxa64/build/ros_decawave && /home/tanishqjain/catkin_ws/src/aug2per/matlab_msg_gen_ros1/glnxa64/build/catkin_generated/env_cached.sh /home/tanishqjain/.matlab/R2020b/ros1/glnxa64/venv/bin/python2 /usr/local/MATLAB/R2020b/sys/ros1/glnxa64/ros1/share/genmsg/cmake/../../../lib/genmsg/genmsg_check_deps.py ros_decawave /home/tanishqjain/catkin_ws/src/aug2per/matlab_msg_gen_ros1/glnxa64/src/ros_decawave/msg/Anchor.msg std_msgs/Header
[4/45] cd /home/tanishqjain/catkin_ws/src/aug2per/matlab_msg_gen_ros1/glnxa64/build/amr && /home/tanishqjain/catkin_ws/src/aug2per/matlab_msg_gen_ros1/glnxa64/build/catkin_generated/env_cached.sh /home/tanishqjain/.matlab/R2020b/ros1/glnxa64/venv/bin/python2 /usr/local/MATLAB/R2020b/sys/ros1/glnxa64/ros1/share/genmsg/cmake/../../../lib/genmsg/genmsg_check_deps.py amr /home/tanishqjain/catkin_ws/src/aug2per/matlab_msg_gen_ros1/glnxa64/src/amr/msg/IMU_10dof.msg std_msgs/Header
[5/45] cd /home/tanishqjain/catkin_ws/src/aug2per/matlab_msg_gen_ros1/glnxa64/build/ros_decawave && /home/tanishqjain/catkin_ws/src/aug2per/matlab_msg_gen_ros1/glnxa64/build/catkin_generated/env_cached.sh /home/tanishqjain/.matlab/R2020b/ros1/glnxa64/venv/bin/python2 /usr/local/MATLAB/R2020b/sys/ros1/glnxa64/ros1/share/genmsg/cmake/../../../lib/genmsg/genmsg_check_deps.py ros_decawave /home/tanishqjain/catkin_ws/src/aug2per/matlab_msg_gen_ros1/glnxa64/src/ros_decawave/msg/AnchorArray.msg ros_decawave/Anchor:std_msgs/Header
[6/45] cd /home/tanishqjain/catkin_ws/src/aug2per/matlab_msg_gen_ros1/glnxa64/build/amr && /home/tanishqjain/catkin_ws/src/aug2per/matlab_msg_gen_ros1/glnxa64/build/catkin_generated/env_cached.sh /home/tanishqjain/.matlab/R2020b/ros1/glnxa64/venv/bin/python2 /usr/local/MATLAB/R2020b/sys/ros1/glnxa64/ros1/share/genmsg/cmake/../../../lib/genmsg/genmsg_check_deps.py amr /home/tanishqjain/catkin_ws/src/aug2per/matlab_msg_gen_ros1/glnxa64/src/amr/msg/wheel.msg std_msgs/Header
[7/45] cd /home/tanishqjain/catkin_ws/src/aug2per/matlab_msg_gen_ros1/glnxa64/build/rplidar_ros && /home/tanishqjain/catkin_ws/src/aug2per/matlab_msg_gen_ros1/glnxa64/build/catkin_generated/env_cached.sh /home/tanishqjain/.matlab/R2020b/ros1/glnxa64/venv/bin/python2 /usr/local/MATLAB/R2020b/sys/ros1/glnxa64/ros1/share/genmsg/cmake/../../../lib/genmsg/genmsg_check_deps.py rplidar_ros /home/tanishqjain/catkin_ws/src/aug2per/matlab_msg_gen_ros1/glnxa64/src/rplidar_ros/srv/StartMotor.srv std_msgs/UInt16
[8/45] Generating Python from MSG amr/wheel
[9/45] Generating C++ code from amr/wheel.msg
[10/45] Generating Python msg __init__.py for amr
[11/45] Building CXX object amr/CMakeFiles/amr_matlab.dir/src/amr_msg_wheel_publisher.cpp.o
[12/45] Building CXX object ros_decawave/CMakeFiles/ros_decawave_matlab.dir/src/ros_decawave_Anchor_common.cpp.o
[13/45] Building CXX object ros_decawave/CMakeFiles/ros_decawave_matlab.dir/src/ros_decawave_msg_AnchorArray_publisher.cpp.o
[14/45] Building CXX object ros_decawave/CMakeFiles/ros_decawave_matlab.dir/src/ros_decawave_msg_Tag_publisher.cpp.o
[15/45] Building CXX object ros_decawave/CMakeFiles/ros_decawave_matlab.dir/src/ros_decawave_Tag_common.cpp.o
[16/45] Building CXX object ros_decawave/CMakeFiles/ros_decawave_matlab.dir/src/ros_decawave_msg_Acc_publisher.cpp.o
[17/45] Building CXX object ros_decawave/CMakeFiles/ros_decawave_matlab.dir/src/ros_decawave_Acc_common.cpp.o
[18/45] Building CXX object ros_decawave/CMakeFiles/ros_decawave_matlab.dir/src/ros_decawave_msg_Anchor_publisher.cpp.o
[19/45] Building CXX object ros_decawave/CMakeFiles/ros_decawave_matlab.dir/src/ros_decawave_AnchorArray_common.cpp.o
[20/45] Generating Python code from SRV rplidar_ros/StartMotor
[21/45] Generating Python srv __init__.py for rplidar_ros
[22/45] Building CXX object ros_decawave/CMakeFiles/ros_decawave_matlab.dir/src/ros_decawave_msg_Acc_subscriber.cpp.o
[23/45] Generating C++ code from rplidar_ros/StartMotor.srv
[24/45] Building CXX object ros_decawave/CMakeFiles/ros_decawave_matlab.dir/src/ros_decawave_msg_Anchor_subscriber.cpp.o
[25/45] Building CXX object ros_decawave/CMakeFiles/ros_decawave_matlab.dir/src/ros_decawave_msg_AnchorArray_subscriber.cpp.o
[26/45] Building CXX object amr/CMakeFiles/amr_matlab.dir/src/amr_msg_IMU_10dof_publisher.cpp.o
[27/45] Building CXX object rplidar_ros/CMakeFiles/rplidar_ros_matlab.dir/src/rplidar_ros_StartMotor_response_common.cpp.o
[28/45] Building CXX object amr/CMakeFiles/amr_matlab.dir/src/amr_wheel_common.cpp.o
[29/45] Building CXX object rplidar_ros/CMakeFiles/rplidar_ros_matlab.dir/src/rplidar_ros_StartMotor_request_common.cpp.o
[30/45] Building CXX object amr/CMakeFiles/amr_matlab.dir/src/amr_IMU_10dof_common.cpp.o
[31/45] Building CXX object amr/CMakeFiles/amr_matlab.dir/src/amr_msg_wheel_subscriber.cpp.o
[32/45] Building CXX object ros_decawave/CMakeFiles/ros_decawave_matlab.dir/src/ros_decawave_msg_Tag_subscriber.cpp.o
[33/45] Building CXX object rplidar_ros/CMakeFiles/rplidar_ros_matlab.dir/src/rplidar_ros_msg_StartMotorRequest_publisher.cpp.o
[34/45] Building CXX object amr/CMakeFiles/amr_matlab.dir/src/amr_msg_IMU_10dof_subscriber.cpp.o
[35/45] Linking CXX shared library /home/tanishqjain/catkin_ws/src/aug2per/matlab_msg_gen_ros1/glnxa64/devel/lib/libamr_matlab.so
[36/45] Linking CXX shared library /home/tanishqjain/catkin_ws/src/aug2per/matlab_msg_gen_ros1/glnxa64/devel/lib/libros_decawave_matlab.so
[37/45] Building CXX object rplidar_ros/CMakeFiles/rplidar_ros_matlab.dir/src/rplidar_ros_msg_StartMotorRequest_subscriber.cpp.o
[38/45] Building CXX object rplidar_ros/CMakeFiles/rplidar_ros_matlab.dir/src/rplidar_ros_srv_StartMotor_server.cpp.o
[39/45] Building CXX object rplidar_ros/CMakeFiles/rplidar_ros_matlab.dir/src/rplidar_ros_srv_StartMotor_client.cpp.o
[40/45] Building CXX object rplidar_ros/CMakeFiles/rplidar_ros_matlab.dir/src/rplidar_ros_msg_StartMotorResponse_publisher.cpp.o
[41/45] Building CXX object rplidar_ros/CMakeFiles/rplidar_ros_matlab.dir/src/rplidar_ros_StartMotorRequest_common.cpp.o
[42/45] Building CXX object rplidar_ros/CMakeFiles/rplidar_ros_matlab.dir/src/rplidar_ros_StartMotorResponse_common.cpp.o
[43/45] Building CXX object rplidar_ros/CMakeFiles/rplidar_ros_matlab.dir/src/rplidar_ros_msg_StartMotorResponse_subscriber.cpp.o
[44/45] Linking CXX shared library /home/tanishqjain/catkin_ws/src/aug2per/matlab_msg_gen_ros1/glnxa64/devel/lib/librplidar_ros_matlab.so
[44/45] Install the project...
-- Install configuration: "Release"
-- Installing: /home/tanishqjain/catkin_ws/src/aug2per/matlab_msg_gen_ros1/glnxa64/install/_setup_util.py
-- Up-to-date: /home/tanishqjain/catkin_ws/src/aug2per/matlab_msg_gen_ros1/glnxa64/install/env.sh
-- Up-to-date: /home/tanishqjain/catkin_ws/src/aug2per/matlab_msg_gen_ros1/glnxa64/install/setup.bash
-- Up-to-date: /home/tanishqjain/catkin_ws/src/aug2per/matlab_msg_gen_ros1/glnxa64/install/local_setup.bash
-- Up-to-date: /home/tanishqjain/catkin_ws/src/aug2per/matlab_msg_gen_ros1/glnxa64/install/setup.sh
-- Up-to-date: /home/tanishqjain/catkin_ws/src/aug2per/matlab_msg_gen_ros1/glnxa64/install/local_setup.sh
-- Up-to-date: /home/tanishqjain/catkin_ws/src/aug2per/matlab_msg_gen_ros1/glnxa64/install/setup.zsh
-- Up-to-date: /home/tanishqjain/catkin_ws/src/aug2per/matlab_msg_gen_ros1/glnxa64/install/local_setup.zsh
-- Up-to-date: /home/tanishqjain/catkin_ws/src/aug2per/matlab_msg_gen_ros1/glnxa64/install/.rosinstall
-- Up-to-date: /home/tanishqjain/catkin_ws/src/aug2per/matlab_msg_gen_ros1/glnxa64/install/share/amr/msg/IMU_10dof.msg
-- Installing: /home/tanishqjain/catkin_ws/src/aug2per/matlab_msg_gen_ros1/glnxa64/install/share/amr/msg/wheel.msg
-- Up-to-date: /home/tanishqjain/catkin_ws/src/aug2per/matlab_msg_gen_ros1/glnxa64/install/share/amr/cmake/amr-msg-paths.cmake
-- Up-to-date: /home/tanishqjain/catkin_ws/src/aug2per/matlab_msg_gen_ros1/glnxa64/install/include/amr
-- Up-to-date: /home/tanishqjain/catkin_ws/src/aug2per/matlab_msg_gen_ros1/glnxa64/install/include/amr/IMU_10dof.h
-- Installing: /home/tanishqjain/catkin_ws/src/aug2per/matlab_msg_gen_ros1/glnxa64/install/include/amr/wheel.h
-- Up-to-date: /home/tanishqjain/catkin_ws/src/aug2per/matlab_msg_gen_ros1/glnxa64/install/include/amr/grove_10dof.h
-- Up-to-date: /home/tanishqjain/catkin_ws/src/aug2per/matlab_msg_gen_ros1/glnxa64/install/include/amr/odrive.h
Listing /home/tanishqjain/catkin_ws/src/aug2per/matlab_msg_gen_ros1/glnxa64/devel/lib/python2.7/dist-packages/amr ...
Listing /home/tanishqjain/catkin_ws/src/aug2per/matlab_msg_gen_ros1/glnxa64/devel/lib/python2.7/dist-packages/amr/msg ...
Compiling /home/tanishqjain/catkin_ws/src/aug2per/matlab_msg_gen_ros1/glnxa64/devel/lib/python2.7/dist-packages/amr/msg/__init__.py ...
Compiling /home/tanishqjain/catkin_ws/src/aug2per/matlab_msg_gen_ros1/glnxa64/devel/lib/python2.7/dist-packages/amr/msg/_wheel.py ...
-- Up-to-date: /home/tanishqjain/catkin_ws/src/aug2per/matlab_msg_gen_ros1/glnxa64/install/lib/python2.7/dist-packages/amr
-- Up-to-date: /home/tanishqjain/catkin_ws/src/aug2per/matlab_msg_gen_ros1/glnxa64/install/lib/python2.7/dist-packages/amr/__init__.py
-- Up-to-date: /home/tanishqjain/catkin_ws/src/aug2per/matlab_msg_gen_ros1/glnxa64/install/lib/python2.7/dist-packages/amr/msg
-- Installing: /home/tanishqjain/catkin_ws/src/aug2per/matlab_msg_gen_ros1/glnxa64/install/lib/python2.7/dist-packages/amr/msg/__init__.py
-- Up-to-date: /home/tanishqjain/catkin_ws/src/aug2per/matlab_msg_gen_ros1/glnxa64/install/lib/python2.7/dist-packages/amr/msg/_IMU_10dof.py
-- Up-to-date: /home/tanishqjain/catkin_ws/src/aug2per/matlab_msg_gen_ros1/glnxa64/install/lib/python2.7/dist-packages/amr/msg/_odrive.py
-- Installing: /home/tanishqjain/catkin_ws/src/aug2per/matlab_msg_gen_ros1/glnxa64/install/lib/python2.7/dist-packages/amr/msg/__init__.pyc
-- Installing: /home/tanishqjain/catkin_ws/src/aug2per/matlab_msg_gen_ros1/glnxa64/install/lib/python2.7/dist-packages/amr/msg/_wheel.py
-- Up-to-date: /home/tanishqjain/catkin_ws/src/aug2per/matlab_msg_gen_ros1/glnxa64/install/lib/python2.7/dist-packages/amr/msg/_grove_10dof.py
-- Up-to-date: /home/tanishqjain/catkin_ws/src/aug2per/matlab_msg_gen_ros1/glnxa64/install/lib/python2.7/dist-packages/amr/msg/_grove_10dof.pyc
-- Installing: /home/tanishqjain/catkin_ws/src/aug2per/matlab_msg_gen_ros1/glnxa64/install/lib/python2.7/dist-packages/amr/msg/_wheel.pyc
-- Up-to-date: /home/tanishqjain/catkin_ws/src/aug2per/matlab_msg_gen_ros1/glnxa64/install/lib/python2.7/dist-packages/amr/msg/_odrive.pyc
-- Up-to-date: /home/tanishqjain/catkin_ws/src/aug2per/matlab_msg_gen_ros1/glnxa64/install/lib/python2.7/dist-packages/amr/msg/_IMU_10dof.pyc
-- Up-to-date: /home/tanishqjain/catkin_ws/src/aug2per/matlab_msg_gen_ros1/glnxa64/install/lib/python2.7/dist-packages/amr/__init__.pyc
-- Installing: /home/tanishqjain/catkin_ws/src/aug2per/matlab_msg_gen_ros1/glnxa64/install/lib/pkgconfig/amr.pc
-- Installing: /home/tanishqjain/catkin_ws/src/aug2per/matlab_msg_gen_ros1/glnxa64/install/share/amr/cmake/amr-msg-extras.cmake
-- Up-to-date: /home/tanishqjain/catkin_ws/src/aug2per/matlab_msg_gen_ros1/glnxa64/install/share/amr/cmake/amrConfig.cmake
-- Up-to-date: /home/tanishqjain/catkin_ws/src/aug2per/matlab_msg_gen_ros1/glnxa64/install/share/amr/cmake/amrConfig-version.cmake
-- Installing: /home/tanishqjain/catkin_ws/src/aug2per/matlab_msg_gen_ros1/glnxa64/install/share/amr/package.xml
-- Up-to-date: /home/tanishqjain/catkin_ws/src/aug2per/matlab_msg_gen_ros1/glnxa64/install/include
-- Up-to-date: /home/tanishqjain/catkin_ws/src/aug2per/matlab_msg_gen_ros1/glnxa64/install/include/amr
-- Up-to-date: /home/tanishqjain/catkin_ws/src/aug2per/matlab_msg_gen_ros1/glnxa64/install/include/amr/visibility_control.h
-- Installing: /home/tanishqjain/catkin_ws/src/aug2per/matlab_msg_gen_ros1/glnxa64/install/lib/libamr_matlab.so
-- Up-to-date: /home/tanishqjain/catkin_ws/src/aug2per/matlab_msg_gen_ros1/glnxa64/install/m/
-- Up-to-date: /home/tanishqjain/catkin_ws/src/aug2per/matlab_msg_gen_ros1/glnxa64/install/m//+ros
-- Up-to-date: /home/tanishqjain/catkin_ws/src/aug2per/matlab_msg_gen_ros1/glnxa64/install/m//+ros/+internal
-- Up-to-date: /home/tanishqjain/catkin_ws/src/aug2per/matlab_msg_gen_ros1/glnxa64/install/m//+ros/+internal/+ros
-- Up-to-date: /home/tanishqjain/catkin_ws/src/aug2per/matlab_msg_gen_ros1/glnxa64/install/m//+ros/+internal/+ros/+custommessages
-- Up-to-date: /home/tanishqjain/catkin_ws/src/aug2per/matlab_msg_gen_ros1/glnxa64/install/m//+ros/+internal/+ros/+custommessages/+amr
-- Up-to-date: /home/tanishqjain/catkin_ws/src/aug2per/matlab_msg_gen_ros1/glnxa64/install/m//+ros/+internal/+ros/+custommessages/+amr/odrive.m
-- Installing: /home/tanishqjain/catkin_ws/src/aug2per/matlab_msg_gen_ros1/glnxa64/install/m//+ros/+internal/+ros/+custommessages/+amr/wheel.m
-- Up-to-date: /home/tanishqjain/catkin_ws/src/aug2per/matlab_msg_gen_ros1/glnxa64/install/m//+ros/+internal/+ros/+custommessages/+amr/grove_10dof.m
-- Up-to-date: /home/tanishqjain/catkin_ws/src/aug2per/matlab_msg_gen_ros1/glnxa64/install/m//+ros/+internal/+ros/+custommessages/+amr/iMU_10dof.m
-- Up-to-date: /home/tanishqjain/catkin_ws/src/aug2per/matlab_msg_gen_ros1/glnxa64/install/m//+ros/+msggen
-- Up-to-date: /home/tanishqjain/catkin_ws/src/aug2per/matlab_msg_gen_ros1/glnxa64/install/m//+ros/+msggen/+amr
-- Up-to-date: /home/tanishqjain/catkin_ws/src/aug2per/matlab_msg_gen_ros1/glnxa64/install/m//+ros/+msggen/+amr/IMU_10dof.m
-- Up-to-date: /home/tanishqjain/catkin_ws/src/aug2per/matlab_msg_gen_ros1/glnxa64/install/m//+ros/+msggen/+amr/odrive.m
-- Installing: /home/tanishqjain/catkin_ws/src/aug2per/matlab_msg_gen_ros1/glnxa64/install/m//+ros/+msggen/+amr/wheel.m
-- Up-to-date: /home/tanishqjain/catkin_ws/src/aug2per/matlab_msg_gen_ros1/glnxa64/install/m//+ros/+msggen/+amr/grove_10dof.m
-- Up-to-date: /home/tanishqjain/catkin_ws/src/aug2per/matlab_msg_gen_ros1/glnxa64/install/share/ros_decawave/msg/Acc.msg
-- Up-to-date: /home/tanishqjain/catkin_ws/src/aug2per/matlab_msg_gen_ros1/glnxa64/install/share/ros_decawave/msg/Anchor.msg
-- Up-to-date: /home/tanishqjain/catkin_ws/src/aug2per/matlab_msg_gen_ros1/glnxa64/install/share/ros_decawave/msg/AnchorArray.msg
-- Up-to-date: /home/tanishqjain/catkin_ws/src/aug2per/matlab_msg_gen_ros1/glnxa64/install/share/ros_decawave/msg/Tag.msg
-- Up-to-date: /home/tanishqjain/catkin_ws/src/aug2per/matlab_msg_gen_ros1/glnxa64/install/share/ros_decawave/cmake/ros_decawave-msg-paths.cmake
-- Up-to-date: /home/tanishqjain/catkin_ws/src/aug2per/matlab_msg_gen_ros1/glnxa64/install/include/ros_decawave
-- Up-to-date: /home/tanishqjain/catkin_ws/src/aug2per/matlab_msg_gen_ros1/glnxa64/install/include/ros_decawave/Anchor.h
-- Up-to-date: /home/tanishqjain/catkin_ws/src/aug2per/matlab_msg_gen_ros1/glnxa64/install/include/ros_decawave/Acc.h
-- Up-to-date: /home/tanishqjain/catkin_ws/src/aug2per/matlab_msg_gen_ros1/glnxa64/install/include/ros_decawave/AnchorArray.h
-- Up-to-date: /home/tanishqjain/catkin_ws/src/aug2per/matlab_msg_gen_ros1/glnxa64/install/include/ros_decawave/Tag.h
Listing /home/tanishqjain/catkin_ws/src/aug2per/matlab_msg_gen_ros1/glnxa64/devel/lib/python2.7/dist-packages/ros_decawave ...
Listing /home/tanishqjain/catkin_ws/src/aug2per/matlab_msg_gen_ros1/glnxa64/devel/lib/python2.7/dist-packages/ros_decawave/msg ...
-- Up-to-date: /home/tanishqjain/catkin_ws/src/aug2per/matlab_msg_gen_ros1/glnxa64/install/lib/python2.7/dist-packages/ros_decawave
-- Up-to-date: /home/tanishqjain/catkin_ws/src/aug2per/matlab_msg_gen_ros1/glnxa64/install/lib/python2.7/dist-packages/ros_decawave/__init__.py
-- Up-to-date: /home/tanishqjain/catkin_ws/src/aug2per/matlab_msg_gen_ros1/glnxa64/install/lib/python2.7/dist-packages/ros_decawave/msg
-- Up-to-date: /home/tanishqjain/catkin_ws/src/aug2per/matlab_msg_gen_ros1/glnxa64/install/lib/python2.7/dist-packages/ros_decawave/msg/__init__.py
-- Up-to-date: /home/tanishqjain/catkin_ws/src/aug2per/matlab_msg_gen_ros1/glnxa64/install/lib/python2.7/dist-packages/ros_decawave/msg/__init__.pyc
-- Up-to-date: /home/tanishqjain/catkin_ws/src/aug2per/matlab_msg_gen_ros1/glnxa64/install/lib/python2.7/dist-packages/ros_decawave/msg/_Acc.pyc
-- Up-to-date: /home/tanishqjain/catkin_ws/src/aug2per/matlab_msg_gen_ros1/glnxa64/install/lib/python2.7/dist-packages/ros_decawave/msg/_Anchor.pyc
-- Up-to-date: /home/tanishqjain/catkin_ws/src/aug2per/matlab_msg_gen_ros1/glnxa64/install/lib/python2.7/dist-packages/ros_decawave/msg/_Anchor.py
-- Up-to-date: /home/tanishqjain/catkin_ws/src/aug2per/matlab_msg_gen_ros1/glnxa64/install/lib/python2.7/dist-packages/ros_decawave/msg/_AnchorArray.py
-- Up-to-date: /home/tanishqjain/catkin_ws/src/aug2per/matlab_msg_gen_ros1/glnxa64/install/lib/python2.7/dist-packages/ros_decawave/msg/_Acc.py
-- Up-to-date: /home/tanishqjain/catkin_ws/src/aug2per/matlab_msg_gen_ros1/glnxa64/install/lib/python2.7/dist-packages/ros_decawave/msg/_AnchorArray.pyc
-- Up-to-date: /home/tanishqjain/catkin_ws/src/aug2per/matlab_msg_gen_ros1/glnxa64/install/lib/python2.7/dist-packages/ros_decawave/msg/_Tag.py
-- Up-to-date: /home/tanishqjain/catkin_ws/src/aug2per/matlab_msg_gen_ros1/glnxa64/install/lib/python2.7/dist-packages/ros_decawave/msg/_Tag.pyc
-- Up-to-date: /home/tanishqjain/catkin_ws/src/aug2per/matlab_msg_gen_ros1/glnxa64/install/lib/python2.7/dist-packages/ros_decawave/__init__.pyc
-- Installing: /home/tanishqjain/catkin_ws/src/aug2per/matlab_msg_gen_ros1/glnxa64/install/lib/pkgconfig/ros_decawave.pc
-- Up-to-date: /home/tanishqjain/catkin_ws/src/aug2per/matlab_msg_gen_ros1/glnxa64/install/share/ros_decawave/cmake/ros_decawave-msg-extras.cmake
-- Up-to-date: /home/tanishqjain/catkin_ws/src/aug2per/matlab_msg_gen_ros1/glnxa64/install/share/ros_decawave/cmake/ros_decawaveConfig.cmake
-- Up-to-date: /home/tanishqjain/catkin_ws/src/aug2per/matlab_msg_gen_ros1/glnxa64/install/share/ros_decawave/cmake/ros_decawaveConfig-version.cmake
-- Installing: /home/tanishqjain/catkin_ws/src/aug2per/matlab_msg_gen_ros1/glnxa64/install/share/ros_decawave/package.xml
-- Up-to-date: /home/tanishqjain/catkin_ws/src/aug2per/matlab_msg_gen_ros1/glnxa64/install/include
-- Up-to-date: /home/tanishqjain/catkin_ws/src/aug2per/matlab_msg_gen_ros1/glnxa64/install/include/ros_decawave
-- Up-to-date: /home/tanishqjain/catkin_ws/src/aug2per/matlab_msg_gen_ros1/glnxa64/install/include/ros_decawave/visibility_control.h
-- Installing: /home/tanishqjain/catkin_ws/src/aug2per/matlab_msg_gen_ros1/glnxa64/install/lib/libros_decawave_matlab.so
-- Up-to-date: /home/tanishqjain/catkin_ws/src/aug2per/matlab_msg_gen_ros1/glnxa64/install/m/
-- Up-to-date: /home/tanishqjain/catkin_ws/src/aug2per/matlab_msg_gen_ros1/glnxa64/install/m//+ros
-- Up-to-date: /home/tanishqjain/catkin_ws/src/aug2per/matlab_msg_gen_ros1/glnxa64/install/m//+ros/+internal
-- Up-to-date: /home/tanishqjain/catkin_ws/src/aug2per/matlab_msg_gen_ros1/glnxa64/install/m//+ros/+internal/+ros
-- Up-to-date: /home/tanishqjain/catkin_ws/src/aug2per/matlab_msg_gen_ros1/glnxa64/install/m//+ros/+internal/+ros/+custommessages
-- Up-to-date: /home/tanishqjain/catkin_ws/src/aug2per/matlab_msg_gen_ros1/glnxa64/install/m//+ros/+internal/+ros/+custommessages/+ros_decawave
-- Up-to-date: /home/tanishqjain/catkin_ws/src/aug2per/matlab_msg_gen_ros1/glnxa64/install/m//+ros/+internal/+ros/+custommessages/+ros_decawave/tag.m
-- Up-to-date: /home/tanishqjain/catkin_ws/src/aug2per/matlab_msg_gen_ros1/glnxa64/install/m//+ros/+internal/+ros/+custommessages/+ros_decawave/anchorArray.m
-- Up-to-date: /home/tanishqjain/catkin_ws/src/aug2per/matlab_msg_gen_ros1/glnxa64/install/m//+ros/+internal/+ros/+custommessages/+ros_decawave/anchor.m
-- Up-to-date: /home/tanishqjain/catkin_ws/src/aug2per/matlab_msg_gen_ros1/glnxa64/install/m//+ros/+internal/+ros/+custommessages/+ros_decawave/acc.m
-- Up-to-date: /home/tanishqjain/catkin_ws/src/aug2per/matlab_msg_gen_ros1/glnxa64/install/m//+ros/+msggen
-- Up-to-date: /home/tanishqjain/catkin_ws/src/aug2per/matlab_msg_gen_ros1/glnxa64/install/m//+ros/+msggen/+ros_decawave
-- Up-to-date: /home/tanishqjain/catkin_ws/src/aug2per/matlab_msg_gen_ros1/glnxa64/install/m//+ros/+msggen/+ros_decawave/Acc.m
-- Up-to-date: /home/tanishqjain/catkin_ws/src/aug2per/matlab_msg_gen_ros1/glnxa64/install/m//+ros/+msggen/+ros_decawave/Tag.m
-- Up-to-date: /home/tanishqjain/catkin_ws/src/aug2per/matlab_msg_gen_ros1/glnxa64/install/m//+ros/+msggen/+ros_decawave/Anchor.m
-- Up-to-date: /home/tanishqjain/catkin_ws/src/aug2per/matlab_msg_gen_ros1/glnxa64/install/m//+ros/+msggen/+ros_decawave/AnchorArray.m
-- Installing: /home/tanishqjain/catkin_ws/src/aug2per/matlab_msg_gen_ros1/glnxa64/install/share/rplidar_ros/srv/StartMotor.srv
-- Installing: /home/tanishqjain/catkin_ws/src/aug2per/matlab_msg_gen_ros1/glnxa64/install/share/rplidar_ros/cmake/rplidar_ros-msg-paths.cmake
-- Installing: /home/tanishqjain/catkin_ws/src/aug2per/matlab_msg_gen_ros1/glnxa64/install/include/rplidar_ros
-- Installing: /home/tanishqjain/catkin_ws/src/aug2per/matlab_msg_gen_ros1/glnxa64/install/include/rplidar_ros/StartMotor.h
-- Installing: /home/tanishqjain/catkin_ws/src/aug2per/matlab_msg_gen_ros1/glnxa64/install/include/rplidar_ros/StartMotorRequest.h
-- Installing: /home/tanishqjain/catkin_ws/src/aug2per/matlab_msg_gen_ros1/glnxa64/install/include/rplidar_ros/StartMotorResponse.h
Listing /home/tanishqjain/catkin_ws/src/aug2per/matlab_msg_gen_ros1/glnxa64/devel/lib/python2.7/dist-packages/rplidar_ros ...
Compiling /home/tanishqjain/catkin_ws/src/aug2per/matlab_msg_gen_ros1/glnxa64/devel/lib/python2.7/dist-packages/rplidar_ros/__init__.py ...
Listing /home/tanishqjain/catkin_ws/src/aug2per/matlab_msg_gen_ros1/glnxa64/devel/lib/python2.7/dist-packages/rplidar_ros/srv ...
Compiling /home/tanishqjain/catkin_ws/src/aug2per/matlab_msg_gen_ros1/glnxa64/devel/lib/python2.7/dist-packages/rplidar_ros/srv/_StartMotor.py ...
Compiling /home/tanishqjain/catkin_ws/src/aug2per/matlab_msg_gen_ros1/glnxa64/devel/lib/python2.7/dist-packages/rplidar_ros/srv/__init__.py ...
-- Installing: /home/tanishqjain/catkin_ws/src/aug2per/matlab_msg_gen_ros1/glnxa64/install/lib/python2.7/dist-packages/rplidar_ros
-- Installing: /home/tanishqjain/catkin_ws/src/aug2per/matlab_msg_gen_ros1/glnxa64/install/lib/python2.7/dist-packages/rplidar_ros/__init__.py
-- Installing: /home/tanishqjain/catkin_ws/src/aug2per/matlab_msg_gen_ros1/glnxa64/install/lib/python2.7/dist-packages/rplidar_ros/__init__.pyc
-- Installing: /home/tanishqjain/catkin_ws/src/aug2per/matlab_msg_gen_ros1/glnxa64/install/lib/python2.7/dist-packages/rplidar_ros/srv
-- Installing: /home/tanishqjain/catkin_ws/src/aug2per/matlab_msg_gen_ros1/glnxa64/install/lib/python2.7/dist-packages/rplidar_ros/srv/_StartMotor.py
-- Installing: /home/tanishqjain/catkin_ws/src/aug2per/matlab_msg_gen_ros1/glnxa64/install/lib/python2.7/dist-packages/rplidar_ros/srv/__init__.py
-- Installing: /home/tanishqjain/catkin_ws/src/aug2per/matlab_msg_gen_ros1/glnxa64/install/lib/python2.7/dist-packages/rplidar_ros/srv/__init__.pyc
-- Installing: /home/tanishqjain/catkin_ws/src/aug2per/matlab_msg_gen_ros1/glnxa64/install/lib/python2.7/dist-packages/rplidar_ros/srv/_StartMotor.pyc
-- Installing: /home/tanishqjain/catkin_ws/src/aug2per/matlab_msg_gen_ros1/glnxa64/install/lib/pkgconfig/rplidar_ros.pc
-- Installing: /home/tanishqjain/catkin_ws/src/aug2per/matlab_msg_gen_ros1/glnxa64/install/share/rplidar_ros/cmake/rplidar_ros-msg-extras.cmake
-- Installing: /home/tanishqjain/catkin_ws/src/aug2per/matlab_msg_gen_ros1/glnxa64/install/share/rplidar_ros/cmake/rplidar_rosConfig.cmake
-- Installing: /home/tanishqjain/catkin_ws/src/aug2per/matlab_msg_gen_ros1/glnxa64/install/share/rplidar_ros/cmake/rplidar_rosConfig-version.cmake
-- Installing: /home/tanishqjain/catkin_ws/src/aug2per/matlab_msg_gen_ros1/glnxa64/install/share/rplidar_ros/package.xml
-- Up-to-date: /home/tanishqjain/catkin_ws/src/aug2per/matlab_msg_gen_ros1/glnxa64/install/include
-- Up-to-date: /home/tanishqjain/catkin_ws/src/aug2per/matlab_msg_gen_ros1/glnxa64/install/include/rplidar_ros
-- Installing: /home/tanishqjain/catkin_ws/src/aug2per/matlab_msg_gen_ros1/glnxa64/install/include/rplidar_ros/visibility_control.h
-- Installing: /home/tanishqjain/catkin_ws/src/aug2per/matlab_msg_gen_ros1/glnxa64/install/lib/librplidar_ros_matlab.so
-- Up-to-date: /home/tanishqjain/catkin_ws/src/aug2per/matlab_msg_gen_ros1/glnxa64/install/m/
-- Up-to-date: /home/tanishqjain/catkin_ws/src/aug2per/matlab_msg_gen_ros1/glnxa64/install/m//+ros
-- Up-to-date: /home/tanishqjain/catkin_ws/src/aug2per/matlab_msg_gen_ros1/glnxa64/install/m//+ros/+internal
-- Up-to-date: /home/tanishqjain/catkin_ws/src/aug2per/matlab_msg_gen_ros1/glnxa64/install/m//+ros/+internal/+ros
-- Up-to-date: /home/tanishqjain/catkin_ws/src/aug2per/matlab_msg_gen_ros1/glnxa64/install/m//+ros/+internal/+ros/+custommessages
-- Installing: /home/tanishqjain/catkin_ws/src/aug2per/matlab_msg_gen_ros1/glnxa64/install/m//+ros/+internal/+ros/+custommessages/+rplidar_ros
-- Installing: /home/tanishqjain/catkin_ws/src/aug2per/matlab_msg_gen_ros1/glnxa64/install/m//+ros/+internal/+ros/+custommessages/+rplidar_ros/startMotorRequest.m
-- Installing: /home/tanishqjain/catkin_ws/src/aug2per/matlab_msg_gen_ros1/glnxa64/install/m//+ros/+internal/+ros/+custommessages/+rplidar_ros/startMotorResponse.m
-- Up-to-date: /home/tanishqjain/catkin_ws/src/aug2per/matlab_msg_gen_ros1/glnxa64/install/m//+ros/+msggen
-- Installing: /home/tanishqjain/catkin_ws/src/aug2per/matlab_msg_gen_ros1/glnxa64/install/m//+ros/+msggen/+rplidar_ros
-- Installing: /home/tanishqjain/catkin_ws/src/aug2per/matlab_msg_gen_ros1/glnxa64/install/m//+ros/+msggen/+rplidar_ros/StartMotorRequest.m
-- Installing: /home/tanishqjain/catkin_ws/src/aug2per/matlab_msg_gen_ros1/glnxa64/install/m//+ros/+msggen/+rplidar_ros/StartMotorResponse.m
Base path: /home/tanishqjain/catkin_ws/src/aug2per/matlab_msg_gen_ros1/glnxa64
Source space: /home/tanishqjain/catkin_ws/src/aug2per/matlab_msg_gen_ros1/glnxa64/src
Build space: /home/tanishqjain/catkin_ws/src/aug2per/matlab_msg_gen_ros1/glnxa64/build
Devel space: /home/tanishqjain/catkin_ws/src/aug2per/matlab_msg_gen_ros1/glnxa64/devel
Install space: /home/tanishqjain/catkin_ws/src/aug2per/matlab_msg_gen_ros1/glnxa64/install
####
#### Running command: "cmake /home/tanishqjain/catkin_ws/src/aug2per/matlab_msg_gen_ros1/glnxa64/src -DBoost_NAMESPACE=mwboost -DCATKIN_ENABLE_TESTING=off -DCMAKE_PREFIX_PATH=/usr/local/MATLAB/R2020b/sys/ros1/glnxa64/ros1;/usr/local/MATLAB/R2020b/toolbox/ros/mlroscpp/custom_messages -DCMAKE_BUILD_TYPE=Release -DCMAKE_CXX_FLAGS_RELEASE=-O0 -DCATKIN_DEVEL_PREFIX=/home/tanishqjain/catkin_ws/src/aug2per/matlab_msg_gen_ros1/glnxa64/devel -DCMAKE_INSTALL_PREFIX=/home/tanishqjain/catkin_ws/src/aug2per/matlab_msg_gen_ros1/glnxa64/install -G Ninja" in "/home/tanishqjain/catkin_ws/src/aug2per/matlab_msg_gen_ros1/glnxa64/build"
####
####
#### Running command: "ninja install install -j12 -l12" in "/home/tanishqjain/catkin_ws/src/aug2per/matlab_msg_gen_ros1/glnxa64/build"
####
